# JRE version: 7.0_15-b20
# Java VM: OpenJDK Client VM (23.7-b01 mixed mode, sharing linux-x86 )
Heap
 def new generation   total 13440K, used 10516K [0x6b780000, 0x6c610000, 0x73780000)
  eden space 11968K,  87% used [0x6b780000, 0x6c1c5000, 0x6c330000)
  from space 1472K,   0% used [0x6c330000, 0x6c330000, 0x6c4a0000)
  to   space 1472K,   0% used [0x6c4a0000, 0x6c4a0000, 0x6c610000)
 tenured generation   total 29720K, used 17028K [0x73780000, 0x75486000, 0x83780000)
   the space 29720K,  57% used [0x73780000, 0x748213c0, 0x74821400, 0x75486000)
 compacting perm gen  total 22272K, used 22268K [0x83780000, 0x84d40000, 0x93780000)
   the space 22272K,  99% used [0x83780000, 0x84d3f0e0, 0x84d3f200, 0x84d40000)
    ro space 10240K,  60% used [0x93780000, 0x93d92050, 0x93d92200, 0x94180000)
    rw space 12288K,  61% used [0x94180000, 0x948e80a0, 0x948e8200, 0x94d80000)
GC Heap History (10 events):
Event: 56,197 GC heap before
{Heap before GC invocations=6 (full 0):
 def new generation   total 12288K, used 12288K [0x6b780000, 0x6c4d0000, 0x73780000)
  eden space 10944K, 100% used [0x6b780000, 0x6c230000, 0x6c230000)
  from space 1344K, 100% used [0x6c230000, 0x6c380000, 0x6c380000)
  to   space 1344K,   0% used [0x6c380000, 0x6c380000, 0x6c4d0000)
 tenured generation   total 27328K, used 17892K [0x73780000, 0x75230000, 0x83780000)
   the space 27328K,  65% used [0x73780000, 0x748f92c0, 0x748f9400, 0x75230000)
 compacting perm gen  total 14848K, used 14647K [0x83780000, 0x84600000, 0x93780000)
   the space 14848K,  98% used [0x83780000, 0x845cdd60, 0x845cde00, 0x84600000)
    ro space 10240K,  60% used [0x93780000, 0x93d92050, 0x93d92200, 0x94180000)
    rw space 12288K,  61% used [0x94180000, 0x948e80a0, 0x948e8200, 0x94d80000)
Event: 56,231 GC heap after
Heap after GC invocations=7 (full 0):
 def new generation   total 12288K, used 1344K [0x6b780000, 0x6c4d0000, 0x73780000)
  eden space 10944K,   0% used [0x6b780000, 0x6b780000, 0x6c230000)
  from space 1344K, 100% used [0x6c380000, 0x6c4d0000, 0x6c4d0000)
  to   space 1344K,   0% used [0x6c230000, 0x6c230000, 0x6c380000)
 tenured generation   total 27328K, used 21606K [0x73780000, 0x75230000, 0x83780000)
   the space 27328K,  79% used [0x73780000, 0x74c99828, 0x74c99a00, 0x75230000)
 compacting perm gen  total 14848K, used 14647K [0x83780000, 0x84600000, 0x93780000)
   the space 14848K,  98% used [0x83780000, 0x845cdd60, 0x845cde00, 0x84600000)
    ro space 10240K,  60% used [0x93780000, 0x93d92050, 0x93d92200, 0x94180000)
    rw space 12288K,  61% used [0x94180000, 0x948e80a0, 0x948e8200, 0x94d80000)
}
Event: 56,898 GC heap before
{Heap before GC invocations=7 (full 0):
 def new generation   total 12288K, used 11691K [0x6b780000, 0x6c4d0000, 0x73780000)
  eden space 10944K,  94% used [0x6b780000, 0x6c19ad10, 0x6c230000)
  from space 1344K, 100% used [0x6c380000, 0x6c4d0000, 0x6c4d0000)
  to   space 1344K,   0% used [0x6c230000, 0x6c230000, 0x6c380000)
 tenured generation   total 27328K, used 21606K [0x73780000, 0x75230000, 0x83780000)
   the space 27328K,  79% used [0x73780000, 0x74c99828, 0x74c99a00, 0x75230000)
 compacting perm gen  total 16384K, used 16383K [0x83780000, 0x84780000, 0x93780000)
   the space 16384K,  99% used [0x83780000, 0x8477ffe0, 0x84780000, 0x84780000)
    ro space 10240K,  60% used [0x93780000, 0x93d92050, 0x93d92200, 0x94180000)
    rw space 12288K,  61% used [0x94180000, 0x948e80a0, 0x948e8200, 0x94d80000)
Event: 57,014 GC heap after
Heap after GC invocations=8 (full 1):
 def new generation   total 13440K, used 0K [0x6b780000, 0x6c610000, 0x73780000)
  eden space 11968K,   0% used [0x6b780000, 0x6b780000, 0x6c330000)
  from space 1472K,   0% used [0x6c330000, 0x6c330000, 0x6c4a0000)
  to   space 1472K,   0% used [0x6c4a0000, 0x6c4a0000, 0x6c610000)
 tenured generation   total 29720K, used 17831K [0x73780000, 0x75486000, 0x83780000)
   the space 29720K,  59% used [0x73780000, 0x748e9e50, 0x748ea000, 0x75486000)
 compacting perm gen  total 16384K, used 16383K [0x83780000, 0x84780000, 0x93780000)
   the space 16384K,  99% used [0x83780000, 0x8477ffe0, 0x84780000, 0x84780000)
    ro space 10240K,  60% used [0x93780000, 0x93d92050, 0x93d92200, 0x94180000)
    rw space 12288K,  61% used [0x94180000, 0x948e80a0, 0x948e8200, 0x94d80000)
}
Event: 57,521 GC heap before
{Heap before GC invocations=8 (full 1):
 def new generation   total 13440K, used 11968K [0x6b780000, 0x6c610000, 0x73780000)
  eden space 11968K, 100% used [0x6b780000, 0x6c330000, 0x6c330000)
  from space 1472K,   0% used [0x6c330000, 0x6c330000, 0x6c4a0000)
  to   space 1472K,   0% used [0x6c4a0000, 0x6c4a0000, 0x6c610000)
 tenured generation   total 29720K, used 17831K [0x73780000, 0x75486000, 0x83780000)
   the space 29720K,  59% used [0x73780000, 0x748e9e50, 0x748ea000, 0x75486000)
 compacting perm gen  total 17408K, used 17375K [0x83780000, 0x84880000, 0x93780000)
   the space 17408K,  99% used [0x83780000, 0x84877ed0, 0x84878000, 0x84880000)
    ro space 10240K,  60% used [0x93780000, 0x93d92050, 0x93d92200, 0x94180000)
    rw space 12288K,  61% used [0x94180000, 0x948e80a0, 0x948e8200, 0x94d80000)
Event: 57,542 GC heap after
Heap after GC invocations=9 (full 1):
 def new generation   total 13440K, used 1472K [0x6b780000, 0x6c610000, 0x73780000)
  eden space 11968K,   0% used [0x6b780000, 0x6b780000, 0x6c330000)
  from space 1472K, 100% used [0x6c4a0000, 0x6c610000, 0x6c610000)
  to   space 1472K,   0% used [0x6c330000, 0x6c330000, 0x6c4a0000)
 tenured generation   total 29720K, used 18919K [0x73780000, 0x75486000, 0x83780000)
   the space 29720K,  63% used [0x73780000, 0x749f9fe0, 0x749fa000, 0x75486000)
 compacting perm gen  total 17408K, used 17375K [0x83780000, 0x84880000, 0x93780000)
   the space 17408K,  99% used [0x83780000, 0x84877ed0, 0x84878000, 0x84880000)
    ro space 10240K,  60% used [0x93780000, 0x93d92050, 0x93d92200, 0x94180000)
    rw space 12288K,  61% used [0x94180000, 0x948e80a0, 0x948e8200, 0x94d80000)
}
Event: 58,625 GC heap before
{Heap before GC invocations=9 (full 1):
 def new generation   total 13440K, used 13440K [0x6b780000, 0x6c610000, 0x73780000)
  eden space 11968K, 100% used [0x6b780000, 0x6c330000, 0x6c330000)
  from space 1472K, 100% used [0x6c4a0000, 0x6c610000, 0x6c610000)
  to   space 1472K,   0% used [0x6c330000, 0x6c330000, 0x6c4a0000)
 tenured generation   total 29720K, used 18919K [0x73780000, 0x75486000, 0x83780000)
   the space 29720K,  63% used [0x73780000, 0x749f9fe0, 0x749fa000, 0x75486000)
 compacting perm gen  total 20224K, used 20031K [0x83780000, 0x84b40000, 0x93780000)
   the space 20224K,  99% used [0x83780000, 0x84b0fca0, 0x84b0fe00, 0x84b40000)
    ro space 10240K,  60% used [0x93780000, 0x93d92050, 0x93d92200, 0x94180000)
    rw space 12288K,  61% used [0x94180000, 0x948e80a0, 0x948e8200, 0x94d80000)
Event: 58,651 GC heap after
Heap after GC invocations=10 (full 1):
 def new generation   total 13440K, used 1472K [0x6b780000, 0x6c610000, 0x73780000)
  eden space 11968K,   0% used [0x6b780000, 0x6b780000, 0x6c330000)
  from space 1472K, 100% used [0x6c330000, 0x6c4a0000, 0x6c4a0000)
  to   space 1472K,   0% used [0x6c4a0000, 0x6c4a0000, 0x6c610000)
 tenured generation   total 29720K, used 22932K [0x73780000, 0x75486000, 0x83780000)
   the space 29720K,  77% used [0x73780000, 0x74de5218, 0x74de5400, 0x75486000)
 compacting perm gen  total 20224K, used 20031K [0x83780000, 0x84b40000, 0x93780000)
   the space 20224K,  99% used [0x83780000, 0x84b0fca0, 0x84b0fe00, 0x84b40000)
    ro space 10240K,  60% used [0x93780000, 0x93d92050, 0x93d92200, 0x94180000)
    rw space 12288K,  61% used [0x94180000, 0x948e80a0, 0x948e8200, 0x94d80000)
}
Event: 59,786 GC heap before
{Heap before GC invocations=10 (full 1):
 def new generation   total 13440K, used 10781K [0x6b780000, 0x6c610000, 0x73780000)
  eden space 11968K,  77% used [0x6b780000, 0x6c097500, 0x6c330000)
  from space 1472K, 100% used [0x6c330000, 0x6c4a0000, 0x6c4a0000)
  to   space 1472K,   0% used [0x6c4a0000, 0x6c4a0000, 0x6c610000)
 tenured generation   total 29720K, used 22932K [0x73780000, 0x75486000, 0x83780000)
   the space 29720K,  77% used [0x73780000, 0x74de5218, 0x74de5400, 0x75486000)
 compacting perm gen  total 20480K, used 20478K [0x83780000, 0x84b80000, 0x93780000)
   the space 20480K,  99% used [0x83780000, 0x84b7f958, 0x84b7fa00, 0x84b80000)
    ro space 10240K,  60% used [0x93780000, 0x93d92050, 0x93d92200, 0x94180000)
    rw space 12288K,  61% used [0x94180000, 0x948e80a0, 0x948e8200, 0x94d80000)
Event: 59,915 GC heap after
Heap after GC invocations=11 (full 2):
 def new generation   total 13440K, used 0K [0x6b780000, 0x6c610000, 0x73780000)
  eden space 11968K,   0% used [0x6b780000, 0x6b780000, 0x6c330000)
  from space 1472K,   0% used [0x6c330000, 0x6c330000, 0x6c4a0000)
  to   space 1472K,   0% used [0x6c4a0000, 0x6c4a0000, 0x6c610000)
 tenured generation   total 29720K, used 17028K [0x73780000, 0x75486000, 0x83780000)
   the space 29720K,  57% used [0x73780000, 0x748213c0, 0x74821400, 0x75486000)
 compacting perm gen  total 20480K, used 20478K [0x83780000, 0x84b80000, 0x93780000)
   the space 20480K,  99% used [0x83780000, 0x84b7f958, 0x84b7fa00, 0x84b80000)
    ro space 10240K,  60% used [0x93780000, 0x93d92050, 0x93d92200, 0x94180000)
    rw space 12288K,  61% used [0x94180000, 0x948e80a0, 0x948e8200, 0x94d80000)
}

